INFO - X=0 Y=0
INFO - 1.0 * 1.0 = 1.0
INFO - P=-0.1 Q=3 R=0 Result=0.0
INFO - 1.0 * 0.10066889977289782 = 0.10066889977289782
INFO - P=0.001 Q=1 R=0 Result=0.0
INFO - 1.0 * 3.7266531720786735e-06 = 3.7266531720786735e-06
INFO - P=0.08 Q=1 R=0 Result=0.0
INFO - 0.10066889977289782 * 1.0 = 0.10066889977289782
INFO - P=-0.2 Q=3 R=0 Result=0.0
INFO - 0.10066889977289782 * 0.10066889977289782 = 0.010134227381485747
INFO - P=0.002 Q=1 R=0 Result=0.0
INFO - 0.10066889977289782 * 3.7266531720786735e-06 = 3.7515807466833973e-07
INFO - P=0.07 Q=1 R=0 Result=0.0
INFO - 3.7266531720786735e-06 * 1.0 = 3.7266531720786735e-06
INFO - P=-0.3 Q=3 R=0 Result=0.0
INFO - 3.7266531720786735e-06 * 0.10066889977289782 = 3.7515807466833973e-07
INFO - P=0.003 Q=1 R=0 Result=0.0
INFO - 3.7266531720786735e-06 * 3.7266531720786735e-06 = 1.3887943864964039e-11
INFO - P=0.06 Q=1 R=0 Result=0.0
INFO - 0.0 / 1.2114802305636625 network[0][0]=0.0
INFO - [[0.0, 0, 0], [0.0, 0, 0], [0.0, 0, 0]]
INFO - X=0 Y=1
INFO - 1.0 * 0.9862071167439163 = 0.9862071167439163
INFO - P=-0.1 Q=3 R=0 Result=2.958621350231749
INFO - 1.0 * 0.1353352832366127 = 0.1353352832366127
INFO - P=0.001 Q=1 R=0 Result=0.1353352832366127
INFO - 1.0 * 8.456665968701127e-06 = 8.456665968701127e-06
INFO - P=0.08 Q=1 R=0 Result=8.456665968701127e-06
INFO - 0.10066889977289782 * 0.9862071167439163 = 0.09928038539081184
INFO - P=-0.2 Q=3 R=0 Result=0.2978411561724355
INFO - 0.10066889977289782 * 0.1353352832366127 = 0.013624054063883303
INFO - P=0.002 Q=1 R=0 Result=0.013624054063883303
INFO - 0.10066889977289782 * 8.456665968701127e-06 = 8.513232588160495e-07
INFO - P=0.07 Q=1 R=0 Result=8.513232588160495e-07
INFO - 3.7266531720786735e-06 * 0.9862071167439163 = 3.6752518799402784e-06
INFO - P=-0.3 Q=3 R=0 Result=1.1025755639820835e-05
INFO - 3.7266531720786735e-06 * 0.1353352832366127 = 5.043476625678885e-07
INFO - P=0.003 Q=1 R=0 Result=5.043476625678885e-07
INFO - 3.7266531720786735e-06 * 8.456665968701127e-06 = 3.1515061057469824e-11
INFO - P=0.06 Q=1 R=0 Result=3.1515061057469824e-11
INFO - 3.405442681828726 / 1.2344603270555088 network[1][0]=2.7586489473918885
INFO - [[2.7586489473918885, 0, 0], [2.7586489473918885, 0, 0], [2.7586489473918885, 0, 0]]
INFO - X=0 Y=2
INFO - 1.0 * 0.9459594689067655 = 0.9459594689067655
INFO - P=-0.1 Q=3 R=0 Result=5.675756813440593
INFO - 1.0 * 0.17826397958504792 = 0.17826397958504792
INFO - P=0.001 Q=1 R=0 Result=0.35652795917009583
INFO - 1.0 * 1.8664469113520547e-05 = 1.8664469113520547e-05
INFO - P=0.08 Q=1 R=0 Result=3.7328938227041095e-05
INFO - 0.10066889977289782 * 0.9459594689067655 = 0.09522869896459883
INFO - P=-0.2 Q=3 R=0 Result=0.571372193787593
INFO - 0.10066889977289782 * 0.17826397958504792 = 0.017945638693965094
INFO - P=0.002 Q=1 R=0 Result=0.03589127738793019
INFO - 0.10066889977289782 * 1.8664469113520547e-05 = 1.878931570503347e-06
INFO - P=0.07 Q=1 R=0 Result=3.757863141006694e-06
INFO - 3.7266531720786735e-06 * 0.9459594689067655 = 3.525262855459255e-06
INFO - P=-0.3 Q=3 R=0 Result=2.1151577132755528e-05
INFO - 3.7266531720786735e-06 * 0.17826397958504792 = 6.643280249879867e-07
INFO - P=0.003 Q=1 R=0 Result=1.3286560499759734e-06
INFO - 3.7266531720786735e-06 * 1.8664469113520547e-05 = 6.955600302706578e-11
INFO - P=0.06 Q=1 R=0 Result=1.3911200605413156e-10
INFO - 6.639611810959874 / 1.2374225192114978 network[2][0]=5.365678826655525
INFO - [[5.365678826655525, 0, 0], [5.365678826655525, 0, 0], [5.365678826655525, 0, 0]]
INFO - X=1 Y=0
INFO - 0.9862071167439163 * 1.0 = 0.9862071167439163
INFO - P=-0.1 Q=3 R=0 Result=-0.09862071167439163
INFO - 0.9862071167439163 * 0.10066889977289782 = 0.09928038539081184
INFO - P=0.001 Q=1 R=0 Result=9.928038539081185e-05
INFO - 0.9862071167439163 * 3.7266531720786735e-06 = 3.6752518799402784e-06
INFO - P=0.08 Q=1 R=0 Result=2.940201503952223e-07
INFO - 0.1353352832366127 * 1.0 = 0.1353352832366127
INFO - P=-0.2 Q=3 R=0 Result=-0.027067056647322542
INFO - 0.1353352832366127 * 0.10066889977289782 = 0.013624054063883303
INFO - P=0.002 Q=1 R=0 Result=2.724810812776661e-05
INFO - 0.1353352832366127 * 3.7266531720786735e-06 = 5.043476625678885e-07
INFO - P=0.07 Q=1 R=0 Result=3.53043363797522e-08
INFO - 8.456665968701127e-06 * 1.0 = 8.456665968701127e-06
INFO - P=-0.3 Q=3 R=0 Result=-2.536999790610338e-06
INFO - 8.456665968701127e-06 * 0.10066889977289782 = 8.513232588160495e-07
INFO - P=0.003 Q=1 R=0 Result=2.5539697764481488e-09
INFO - 8.456665968701127e-06 * 3.7266531720786735e-06 = 3.1515061057469824e-11
INFO - P=0.06 Q=1 R=0 Result=1.8909036634481893e-12
INFO - -0.12556344494763874 / 1.2344603270555088 network[0][1]=-0.10171525337483985
INFO - [[5.365678826655525, -0.10171525337483985, 0], [5.365678826655525, -0.10171525337483985, 0], [5.365678826655525, -0.10171525337483985, 0]]
INFO - X=1 Y=1
INFO - 0.9862071167439163 * 0.9862071167439163 = 0.9726044771163485
INFO - P=-0.1 Q=3 R=0 Result=2.8205529836374104
INFO - 0.9862071167439163 * 0.1353352832366127 = 0.1334686194745011
INFO - P=0.001 Q=1 R=0 Result=0.13360208809397559
INFO - 0.9862071167439163 * 8.456665968701127e-06 = 8.340024162259136e-06
INFO - P=0.08 Q=1 R=0 Result=9.007226095239868e-06
INFO - 0.1353352832366127 * 0.9862071167439163 = 0.1334686194745011
INFO - P=-0.2 Q=3 R=0 Result=0.373712134528603
INFO - 0.1353352832366127 * 0.1353352832366127 = 0.018315638888734182
INFO - P=0.002 Q=1 R=0 Result=0.018352270166511652
INFO - 0.1353352832366127 * 8.456665968701127e-06 = 1.1444852841115907e-06
INFO - P=0.07 Q=1 R=0 Result=1.2245992539994021e-06
INFO - 8.456665968701127e-06 * 0.9862071167439163 = 8.340024162259136e-06
INFO - P=-0.3 Q=3 R=0 Result=2.251806523809967e-05
INFO - 8.456665968701127e-06 * 0.1353352832366127 = 1.1444852841115907e-06
INFO - P=0.003 Q=1 R=0 Result=1.1479187399639254e-06
INFO - 8.456665968701127e-06 * 8.456665968701127e-06 = 7.151519930618776e-11
INFO - P=0.06 Q=1 R=0 Result=7.580611126455903e-11
INFO - 3.346253374311634 / 1.2578763240444928 network[1][1]=2.660240367313943
INFO - [[5.365678826655525, 2.660240367313943, 0], [5.365678826655525, 2.660240367313943, 0], [5.365678826655525, 2.660240367313943, 0]]
INFO - X=1 Y=2
INFO - 0.9862071167439163 * 0.9459594689067655 = 0.9329119603871475
INFO - P=-0.1 Q=3 R=0 Result=5.5041805662841705
INFO - 0.9862071167439163 * 0.17826397958504792 = 0.17580520532586646
INFO - P=0.001 Q=1 R=0 Result=0.35178621585705877
INFO - 0.9862071167439163 * 1.8664469113520547e-05 = 1.8407032270000977e-05
INFO - P=0.08 Q=1 R=0 Result=3.8286627121602036e-05
INFO - 0.1353352832366127 * 0.9459594689067655 = 0.12802169265485283
INFO - P=-0.2 Q=3 R=0 Result=0.7425258173981464
INFO - 0.1353352832366127 * 0.17826397958504792 = 0.024125406168028204
INFO - P=0.002 Q=1 R=0 Result=0.04829906314839246
INFO - 0.1353352832366127 * 1.8664469113520547e-05 = 2.525961213939313e-06
INFO - P=0.07 Q=1 R=0 Result=5.228739712854377e-06
INFO - 8.456665968701127e-06 * 0.9459594689067655 = 7.999663248474436e-06
INFO - P=-0.3 Q=3 R=0 Result=4.559808051630429e-05
INFO - 8.456665968701127e-06 * 0.17826397958504792 = 1.5075189296021071e-06
INFO - P=0.003 Q=1 R=0 Result=3.0195604159930207e-06
INFO - 8.456665968701127e-06 * 1.8664469113520547e-05 = 1.5783918077618248e-10
INFO - P=0.06 Q=1 R=0 Result=3.251487123989359e-10
INFO - 6.646883796020685 / 1.2608947048693961 network[2][1]=5.271561352705634
INFO - [[5.365678826655525, 5.271561352705634, 0], [5.365678826655525, 5.271561352705634, 0], [5.365678826655525, 5.271561352705634, 0]]
INFO - X=2 Y=0
INFO - 0.9459594689067655 * 1.0 = 0.9459594689067655
INFO - P=-0.1 Q=3 R=0 Result=-0.18919189378135312
INFO - 0.9459594689067655 * 0.10066889977289782 = 0.09522869896459883
INFO - P=0.001 Q=1 R=0 Result=0.00019045739792919767
INFO - 0.9459594689067655 * 3.7266531720786735e-06 = 3.525262855459255e-06
INFO - P=0.08 Q=1 R=0 Result=5.640420568734808e-07
INFO - 0.17826397958504792 * 1.0 = 0.17826397958504792
INFO - P=-0.2 Q=3 R=0 Result=-0.07130559183401917
INFO - 0.17826397958504792 * 0.10066889977289782 = 0.017945638693965094
INFO - P=0.002 Q=1 R=0 Result=7.178255477586038e-05
INFO - 0.17826397958504792 * 3.7266531720786735e-06 = 6.643280249879867e-07
INFO - P=0.07 Q=1 R=0 Result=9.300592349831814e-08
INFO - 1.8664469113520547e-05 * 1.0 = 1.8664469113520547e-05
INFO - P=-0.3 Q=3 R=0 Result=-1.1198681468112328e-05
INFO - 1.8664469113520547e-05 * 0.10066889977289782 = 1.878931570503347e-06
INFO - P=0.003 Q=1 R=0 Result=1.1273589423020083e-08
INFO - 1.8664469113520547e-05 * 3.7266531720786735e-06 = 6.955600302706578e-11
INFO - P=0.06 Q=1 R=0 Result=8.346720363247893e-12
INFO - -0.26024577601421883 / 1.237422519211498 network[0][2]=-0.2103127848198939
INFO - [[5.365678826655525, 5.271561352705634, -0.2103127848198939], [5.365678826655525, 5.271561352705634, -0.2103127848198939], [5.365678826655525, 5.271561352705634, -0.2103127848198939]]
INFO - X=2 Y=1
INFO - 0.9459594689067655 * 0.9862071167439163 = 0.9329119603871475
INFO - P=-0.1 Q=3 R=0 Result=2.612153489084013
INFO - 0.9459594689067655 * 0.1353352832366127 = 0.12802169265485283
INFO - P=0.001 Q=1 R=0 Result=0.12827773604016254
INFO - 0.9459594689067655 * 8.456665968701127e-06 = 7.999663248474436e-06
INFO - P=0.08 Q=1 R=0 Result=9.279609368230345e-06
INFO - 0.17826397958504792 * 0.9862071167439163 = 0.17580520532586646
INFO - P=-0.2 Q=3 R=0 Result=0.4570935338472528
INFO - 0.17826397958504792 * 0.1353352832366127 = 0.024125406168028204
INFO - P=0.002 Q=1 R=0 Result=0.024221907792700316
INFO - 0.17826397958504792 * 8.456665968701127e-06 = 1.5075189296021071e-06
INFO - P=0.07 Q=1 R=0 Result=1.7185715797464023e-06
INFO - 1.8664469113520547e-05 * 0.9862071167439163 = 1.8407032270000977e-05
INFO - P=-0.3 Q=3 R=0 Result=4.4176877448002344e-05
INFO - 1.8664469113520547e-05 * 0.1353352832366127 = 2.525961213939313e-06
INFO - P=0.003 Q=1 R=0 Result=2.5411169812229486e-06
INFO - 1.8664469113520547e-05 * 8.456665968701127e-06 = 1.5783918077618248e-10
INFO - P=0.06 Q=1 R=0 Result=1.767798824693244e-10
INFO - 3.221804383116286 / 1.2608947048693964 network[1][2]=2.5551732199954005
INFO - [[5.365678826655525, 5.271561352705634, 2.5551732199954005], [5.365678826655525, 5.271561352705634, 2.5551732199954005], [5.365678826655525, 5.271561352705634, 2.5551732199954005]]
INFO - X=2 Y=2
INFO - 0.9459594689067655 * 0.9459594689067655 = 0.8948393168143699
INFO - P=-0.1 Q=3 R=0 Result=5.1900680375233454
INFO - 0.9459594689067655 * 0.17826397958504792 = 0.1686304994534784
INFO - P=0.001 Q=1 R=0 Result=0.33759825990586373
INFO - 0.9459594689067655 * 1.8664469113520547e-05 = 1.7655831290052626e-05
INFO - P=0.08 Q=1 R=0 Result=3.8136595586513676e-05
INFO - 0.17826397958504792 * 0.9459594689067655 = 0.1686304994534784
INFO - P=-0.2 Q=3 R=0 Result=0.9443307969394791
INFO - 0.17826397958504792 * 0.17826397958504792 = 0.03177804641749838
INFO - P=0.002 Q=1 R=0 Result=0.06368320502066675
INFO - 0.17826397958504792 * 1.8664469113520547e-05 = 3.3272025410183843e-06
INFO - P=0.07 Q=1 R=0 Result=7.120213437779343e-06
INFO - 1.8664469113520547e-05 * 0.9459594689067655 = 1.7655831290052626e-05
INFO - P=-0.3 Q=3 R=0 Result=9.534148896628419e-05
INFO - 1.8664469113520547e-05 * 0.17826397958504792 = 3.3272025410183843e-06
INFO - P=0.003 Q=1 R=0 Result=6.674368297282878e-06
INFO - 1.8664469113520547e-05 * 1.8664469113520547e-05 = 3.483624072895625e-10
INFO - P=0.06 Q=1 R=0 Result=7.385283034538726e-10
INFO - 6.53582757279417 / 1.26392032855485 network[2][2]=5.171075601155296
INFO - [[5.365678826655525, 5.271561352705634, 5.171075601155296], [5.365678826655525, 5.271561352705634, 5.171075601155296], [5.365678826655525, 5.271561352705634, 5.171075601155296]]
